** Message: environement.vala:58: Exporting primary_variable
** Message: environement.vala:59: desktop_environnement XDG_CURRENT_DESKTOP
** Message: environement.vala:176: custom_config :
** Message: environement.vala:177: config_dirs :/etc/xdg/xdg-LXDE:/etc/xdg
** Message: environement.vala:178: confir_dirs not null, export : /etc/xdg/xdg-LXDE:/etc/xdg
** Message: environement.vala:183: Exporting XDG_CONFIG_DIRS
** Message: environement.vala:217: custom_data :/usr/local/share:/usr/share:/usr/share/gdm:/var/lib/menu-xdg:
** Message: environement.vala:218: data_dirs :/usr/local/share/:/usr/share/:/usr/share/gdm/:/var/lib/menu-xdg/
** Message: environement.vala:219: data_dirs not null, export : /usr/local/share:/usr/share:/usr/share/gdm:/var/lib/menu-xdg:/usr/local/share/:/usr/share/:/usr/share/gdm/:/var/lib/menu-xdg/
** Message: environement.vala:224: Exporting XDG_DATA_DIRS
** Message: utils.vala:68: User config used : /home/rti/.config/lxsession/LXDE/desktop.conf
** Message: utils.vala:89: Final file used : /home/rti/.config/lxsession/LXDE/desktop.conf
** Message: settings.vala:527: Key file does not have key 'iGtk/ColorScheme' in group 'GTK'
** Message: settings.vala:527: Key file does not have key 'windows_manager/extras' in group 'Session'
** Message: settings.vala:527: Key file does not have key 'panel/command' in group 'Session'
** Message: settings.vala:527: Key file does not have key 'dock/command' in group 'Session'
** Message: settings.vala:527: Key file does not have key 'file_manager/command' in group 'Session'
** Message: settings.vala:527: Key file does not have key 'desktop_manager/command' in group 'Session'
** Message: settings.vala:527: Key file does not have key 'launcher_manager/autostart' in group 'Session'
** Message: settings.vala:527: Key file does not have key 'composite_manager/command' in group 'Session'
** Message: settings.vala:527: Key file does not have key 'im1/command' in group 'Session'
** Message: settings.vala:527: Key file does not have key 'im2/command' in group 'Session'
** Message: settings.vala:527: Key file does not have key 'widget1/command' in group 'Session'
** Message: settings.vala:527: Key file does not have key 'notification/command' in group 'Session'
** Message: settings.vala:527: Key file does not have key 'keybindings/command' in group 'Session'
** Message: settings.vala:527: Key file does not have key 'screensaver/command' in group 'Session'
** Message: settings.vala:527: Key file does not have key 'power_manager/command' in group 'Session'
** Message: settings.vala:527: Key file does not have key 'audio_manager/command' in group 'Session'
** Message: settings.vala:527: Key file does not have key 'workspace_manager/command' in group 'Session'
** Message: settings.vala:527: Key file does not have key 'screenshot_manager/command' in group 'Session'
** Message: settings.vala:527: Key file does not have key 'message_manager/command' in group 'Session'
** Message: settings.vala:527: Key file does not have key 'upgrade_manager/command' in group 'Session'
** Message: settings.vala:527: Key file does not have key 'upstart_user_session' in group 'Session'
** Message: settings.vala:527: Key file does not have key 'proxy_manager/http' in group 'Session'
** Message: settings.vala:527: Key file does not have key 'a11y/command' in group 'Session'
** Message: settings.vala:527: Key file does not have key 'xrandr/command' in group 'Session'
** Message: settings.vala:527: Key file does not have key 'network_gui/command' in group 'Session'
** Message: settings.vala:527: Key file does not have key 'webbrowser/command' in group 'Session'
** Message: settings.vala:527: Key file does not have key 'email/command' in group 'Session'
** Message: settings.vala:527: Key file does not have key 'pdf_reader/command' in group 'Session'
** Message: settings.vala:527: Key file does not have key 'video_player/command' in group 'Session'
** Message: settings.vala:527: Key file does not have key 'audio_player/command' in group 'Session'
** Message: settings.vala:527: Key file does not have key 'images_display/command' in group 'Session'
** Message: settings.vala:527: Key file does not have key 'text_editor/command' in group 'Session'
** Message: settings.vala:527: Key file does not have key 'archive/command' in group 'Session'
** Message: settings.vala:527: Key file does not have key 'charmap/command' in group 'Session'
** Message: settings.vala:527: Key file does not have key 'calculator/command' in group 'Session'
** Message: settings.vala:527: Key file does not have key 'spreadsheet/command' in group 'Session'
** Message: settings.vala:527: Key file does not have key 'bittorent/command' in group 'Session'
** Message: settings.vala:527: Key file does not have key 'document/command' in group 'Session'
** Message: settings.vala:527: Key file does not have key 'webcam/command' in group 'Session'
** Message: settings.vala:527: Key file does not have key 'burn/command' in group 'Session'
** Message: settings.vala:527: Key file does not have key 'notes/command' in group 'Session'
** Message: settings.vala:527: Key file does not have key 'disk_utility/command' in group 'Session'
** Message: settings.vala:527: Key file does not have key 'tasks/command' in group 'Session'
** Message: settings.vala:527: Key file does not have group 'Keymap'
** Message: settings.vala:527: Key file does not have key 'laptop_mode' in group 'State'
** Message: settings.vala:527: Key file does not have key 'gnome' in group 'Dbus'
** Message: settings.vala:527: Key file does not have group 'Updates'
** Message: settings.vala:527: Key file does not have key 'type' in group 'Environment'
** Message: settings.vala:449: Monitoring: /home/rti/.config/lxsession/LXDE/desktop.conf
** Message: settings.vala:453: Desktop file is already in config home, do nothing
** Message: environement.vala:79: Exporting variable
** Message: environement.vala:80: desktop_environnement XDG_CURRENT_DESKTOP
** Message: environement.vala:176: custom_config :
** Message: environement.vala:177: config_dirs :/etc/xdg/xdg-LXDE:/etc/xdg
** Message: environement.vala:178: confir_dirs not null, export : /etc/xdg/xdg-LXDE:/etc/xdg
** Message: environement.vala:183: Exporting XDG_CONFIG_DIRS
** Message: environement.vala:217: custom_data :
** Message: environement.vala:218: data_dirs :/usr/local/share:/usr/share:/usr/share/gdm:/var/lib/menu-xdg:/usr/local/share/:/usr/share/:/usr/share/gdm/:/var/lib/menu-xdg/
** Message: environement.vala:219: data_dirs not null, export : /usr/local/share:/usr/share:/usr/share/gdm:/var/lib/menu-xdg:/usr/local/share/:/usr/share/:/usr/share/gdm/:/var/lib/menu-xdg/
** Message: environement.vala:224: Exporting XDG_DATA_DIRS
** Message: utils.vala:79: Config system location : /etc/xdg/xdg-LXDE/lxsession/LXDE
** Message: utils.vala:79: Config system location : /etc/xdg/lxsession/LXDE
** Message: utils.vala:85: System system path location : /etc/xdg/lxsession/LXDE/conffiles.conf
** Message: utils.vala:89: Final file used : /etc/xdg/lxsession/LXDE/conffiles.conf
** Message: options.vala:164: Activate xsettings_manager build-in
** Message: utils.vala:68: User config used : /home/rti/.config/lxsession/LXDE/desktop.conf
** Message: utils.vala:89: Final file used : /home/rti/.config/lxsession/LXDE/desktop.conf
xprop:  no such property "_NET_NUMBER_OF_DESKTOPS"
xprop:  no such property "_NET_DESKTOP_NAMES"
** Message: app.vala:717: polkit separate
** Message: app.vala:717: polkit separate
** Message: utils.vala:68: User config used : /home/rti/.config/lxsession/LXDE/autostart
** Message: utils.vala:89: Final file used : /home/rti/.config/lxsession/LXDE/autostart
** Message: autostart.vala:42: Autostart path : /home/rti/.config/lxsession/LXDE/autostart
** Message: app.vala:76: Launching lxpanel 
** Message: app.vala:76: Launching pcmanfm 

** (lxsession:584): WARNING **: app.vala:86: Failed to execute child process "xscreensaver" (No such file or directory)

** (lxsession:584): WARNING **: app.vala:87: Error when launching xscreensaver
** Message: options.vala:107: Create build-in Clipboard
** Message: main.vala:429: Check keymap_mode (null)
** Message: app.vala:76: Launching /usr/bin/ssh-agent 
SSH_AUTH_SOCK=/tmp/ssh-fetaVTdpsERF/agent.719; export SSH_AUTH_SOCK;
SSH_AGENT_PID=723; export SSH_AGENT_PID;
echo Agent pid 723;
** Message: app.vala:130: /usr/bin/ssh-agent exit with this type of exit: 0
** Message: x-terminal-emulator has very limited support, consider choose another terminal

** (pcmanfm:716): WARNING **: The directory '~/Templates' doesn't exist, ignoring it
** Message: x-terminal-emulator has very limited support, consider choose another terminal

** (lxpanel:715): WARNING **: The directory '~/Templates' doesn't exist, ignoring it
Openbox-Message: A kért billentyű "XF86Terminal" nem létezik a képernyőn
Openbox-Message: Nem található ilyen érvényes menüfájl: "/usr/share/lxde/openbox/menu.xml"

** (nm-applet:728): WARNING **: Error retrieving accessibility bus address: org.freedesktop.DBus.Error.ServiceUnknown: The name org.a11y.Bus was not provided by any .service files

(nm-applet:728): Gdk-CRITICAL **: gdk_window_thaw_toplevel_updates: assertion 'window->update_and_descendants_freeze_count > 0' failed

(nm-applet:728): libnotify-WARNING **: Failed to connect to proxy

(nm-applet:728): nm-applet-WARNING **: Failed to show notification: GDBus.Error:org.freedesktop.DBus.Error.ServiceUnknown: The name org.freedesktop.Notifications was not provided by any .service files
pcmanfm: Fatal IO error 11 (Resource temporarily unavailable) on X server :0.
     after 1919 requests (1919 known processed) with 0 events remaining.
